<testsuite failures="0" name="features/FirstKarateTest.feature" skipped="0" tests="7" time="0.139915">
  <testcase classname="features.FirstKarateTest" name="how to print" time="0.015329">
    <system-out>Given print "Hello World" ................................................. passed
When print 'another' ...................................................... passed
Then print 'then print' ................................................... passed</system-out>
  </testcase>
  <testcase classname="features.FirstKarateTest" name="more printing" time="0.023123">
    <system-out>Given print "Hello World" ................................................. passed
When print 'another' ...................................................... passed
Then print 'then print' ................................................... passed
Given print 'some words to print' ......................................... passed
* print 'my name is','karate kid' ......................................... passed
* print 5+5 ............................................................... passed</system-out>
  </testcase>
  <testcase classname="features.FirstKarateTest" name="variables" time="0.045454">
    <system-out>Given print "Hello World" ................................................. passed
When print 'another' ...................................................... passed
Then print 'then print' ................................................... passed
Given print 'some words to print' ......................................... passed
* print 'my name is','karate kid' ......................................... passed
* print 5+5 ............................................................... passed
* def name = 'Mike' ....................................................... passed
* print 'my name is' + name ............................................... passed
* def age = 20 ............................................................ passed
* print name,'is',age,'years old' ......................................... passed</system-out>
  </testcase>
  <testcase classname="features.FirstKarateTest" name="difficult parameters: json object" time="0.019632">
    <system-out>Given print "Hello World" ................................................. passed
When print 'another' ...................................................... passed
Then print 'then print' ................................................... passed
Given print 'some words to print' ......................................... passed
* print 'my name is','karate kid' ......................................... passed
* print 5+5 ............................................................... passed
* def name = 'Mike' ....................................................... passed
* print 'my name is' + name ............................................... passed
* def age = 20 ............................................................ passed
* print name,'is',age,'years old' ......................................... passed
* def student = {'name':'sam','owes_tuition':'false'} ..................... passed
* print student ........................................................... passed
* print student.name ...................................................... passed
* print student.owes_tuition .............................................. passed</system-out>
  </testcase>
  <testcase classname="features.FirstKarateTest" name="json object 2" time="0.001096">
    <system-out>Given print "Hello World" ................................................. passed
When print 'another' ...................................................... passed
Then print 'then print' ................................................... passed
Given print 'some words to print' ......................................... passed
* print 'my name is','karate kid' ......................................... passed
* print 5+5 ............................................................... passed
* def name = 'Mike' ....................................................... passed
* print 'my name is' + name ............................................... passed
* def age = 20 ............................................................ passed
* print name,'is',age,'years old' ......................................... passed
* def student = {'name':'sam','owes_tuition':'false'} ..................... passed
* print student ........................................................... passed
* print student.name ...................................................... passed
* print student.owes_tuition .............................................. passed
* def student = ........................................................... passed
* print student ........................................................... passed</system-out>
  </testcase>
  <testcase classname="features.FirstKarateTest" name="Spartan variable" time="0.01152">
    <system-out>Given print "Hello World" ................................................. passed
When print 'another' ...................................................... passed
Then print 'then print' ................................................... passed
Given print 'some words to print' ......................................... passed
* print 'my name is','karate kid' ......................................... passed
* print 5+5 ............................................................... passed
* def name = 'Mike' ....................................................... passed
* print 'my name is' + name ............................................... passed
* def age = 20 ............................................................ passed
* print name,'is',age,'years old' ......................................... passed
* def student = {'name':'sam','owes_tuition':'false'} ..................... passed
* print student ........................................................... passed
* print student.name ...................................................... passed
* print student.owes_tuition .............................................. passed
* def student = ........................................................... passed
* print student ........................................................... passed
* def spartan = ........................................................... passed
* print spartan.id ........................................................ passed
* print spartan.phone ..................................................... passed</system-out>
  </testcase>
  <testcase classname="features.FirstKarateTest" name="json array objects" time="0.023762">
    <system-out>Given print "Hello World" ................................................. passed
When print 'another' ...................................................... passed
Then print 'then print' ................................................... passed
Given print 'some words to print' ......................................... passed
* print 'my name is','karate kid' ......................................... passed
* print 5+5 ............................................................... passed
* def name = 'Mike' ....................................................... passed
* print 'my name is' + name ............................................... passed
* def age = 20 ............................................................ passed
* print name,'is',age,'years old' ......................................... passed
* def student = {'name':'sam','owes_tuition':'false'} ..................... passed
* print student ........................................................... passed
* print student.name ...................................................... passed
* print student.owes_tuition .............................................. passed
* def student = ........................................................... passed
* print student ........................................................... passed
* def spartan = ........................................................... passed
* print spartan.id ........................................................ passed
* print spartan.phone ..................................................... passed
* def students = .......................................................... passed
* print students .......................................................... passed
* print students[0].name .................................................. passed
* print students[1].owes_tuition .......................................... passed</system-out>
  </testcase>
</testsuite>
