<testsuite failures="0" name="features/BookItTests.feature" skipped="0" tests="1" time="2.19145">
  <testcase classname="features.BookItTests" name="get user information" time="2.19145">
    <system-out>* def baseUrl = 'https://cybertek-reservation-api-qa2.herokuapp.com/' ..... passed
* def AuthFeature = call read('classpath:features/BookItAuth.feature') .... passed
* def accessToken = AuthFeature.token ..................................... passed
* print 'Token From Background',accessToken ............................... passed
Given url baseUrl ......................................................... passed
And path 'api/users/me' ................................................... passed
And header Authorization = 'Bearer ' + accessToken ........................ passed
And header Accept = 'application/json' .................................... passed
When method GET ........................................................... passed
Then status 200 ........................................................... passed
And print response ........................................................ passed
And match response == {"id":57,"firstName":"Ase","lastName":"Norval","role":"student-team-leader"} . passed</system-out>
  </testcase>
</testsuite>
