<testsuite failures="1" name="src/test/java/features/BookItTests.feature" skipped="0" tests="1" time="2.26221">
  <testcase classname="src.test.java.features.BookItTests" name="get campus information" time="2.26221">
    <failure message="BookItTests.feature:31 - path: $, actual: [{&quot;location&quot;:&quot;VA&quot;,&quot;id&quot;:1,&quot;clusters&quot;:[{&quot;rooms&quot;:[{&quot;withTV&quot;:true,&quot;name&quot;:&quot;mit&quot;,&quot;description&quot;:&quot;mens et manus&quot;,&quot;id&quot;:111,&quot;withWhiteBoard&quot;:true,&quot;capacity&quot;:6},{&quot;withTV&quot;:true,&quot;name&quot;:&quot;harvard&quot;,&quot;description&quot;:&quot;veritas&quot;,&quot;id&quot;:112,&quot;withWhiteBoard&quot;:false,&quot;capacity&quot;:6},{&quot;withTV&quot;:true,&quot;name&quot;:&quot;yale&quot;,&quot;description&quot;:&quot;lux et veritas&quot;,&quot;id&quot;:113,&quot;withWhiteBoard&quot;:false,&quot;capacity&quot;:6},{&quot;withTV&quot;:true,&quot;name&quot;:&quot;princeton&quot;,&quot;description&quot;:&quot;dei sub numine viget&quot;,&quot;id&quot;:114,&quot;withWhiteBoard&quot;:false,&quot;capacity&quot;:4},{&quot;withTV&quot;:false,&quot;name&quot;:&quot;stanford&quot;,&quot;description&quot;:&quot;die luft der freiheit weht&quot;,&quot;id&quot;:115,&quot;withWhiteBoard&quot;:true,&quot;capacity&quot;:6},{&quot;withTV&quot;:true,&quot;name&quot;:&quot;duke&quot;,&quot;description&quot;:&quot;eruditio et religio&quot;,&quot;id&quot;:116,&quot;withWhiteBoard&quot;:false,&quot;capacity&quot;:4},{&quot;withTV&quot;:true,&quot;name&quot;:&quot;berkeley&quot;,&quot;description&quot;:&quot;fiat lux&quot;,&quot;id&quot;:117,&quot;withWhiteBoard&quot;:false,&quot;capacity&quot;:4}],&quot;name&quot;:&quot;light-side&quot;,&quot;id&quot;:3},{&quot;rooms&quot;:[{&quot;withTV&quot;:true,&quot;name&quot;:&quot;kilimanjaro&quot;,&quot;description&quot;:&quot;it isn't the mountains ahead to climb that wear you out, it's the pebble in your shoe&quot;,&quot;id&quot;:121,&quot;withWhiteBoard&quot;:true,&quot;capacity&quot;:6},{&quot;withTV&quot;:true,&quot;name&quot;:&quot;half dome&quot;,&quot;description&quot;:&quot;faith moves mountains&quot;,&quot;id&quot;:122,&quot;withWhiteBoard&quot;:true,&quot;capacity&quot;:6},{&quot;withTV&quot;:true,&quot;name&quot;:&quot;denali&quot;,&quot;description&quot;:&quot;you can't move mountains by whispering at them&quot;,&quot;id&quot;:123,&quot;withWhiteBoard&quot;:true,&quot;capacity&quot;:4},{&quot;withTV&quot;:true,&quot;name&quot;:&quot;meru&quot;,&quot;description&quot;:&quot;every mountain top is within reach if you just keep climbing&quot;,&quot;id&quot;:124,&quot;withWhiteBoard&quot;:true,&quot;capacity&quot;:4}],&quot;name&quot;:&quot;dark-side&quot;,&quot;id&quot;:4}]},{&quot;location&quot;:&quot;IL&quot;,&quot;id&quot;:2,&quot;clusters&quot;:[{&quot;rooms&quot;:[{&quot;withTV&quot;:true,&quot;name&quot;:&quot;google&quot;,&quot;description&quot;:&quot;don't be evil&quot;,&quot;id&quot;:211,&quot;withWhiteBoard&quot;:true,&quot;capacity&quot;:6},{&quot;withTV&quot;:true,&quot;name&quot;:&quot;apple&quot;,&quot;description&quot;:&quot;think different&quot;,&quot;id&quot;:212,&quot;withWhiteBoard&quot;:true,&quot;capacity&quot;:6},{&quot;withTV&quot;:true,&quot;name&quot;:&quot;microsoft&quot;,&quot;description&quot;:&quot;be what's next&quot;,&quot;id&quot;:213,&quot;withWhiteBoard&quot;:true,&quot;capacity&quot;:6},{&quot;withTV&quot;:true,&quot;name&quot;:&quot;bay_area&quot;,&quot;description&quot;:&quot;make future&quot;,&quot;id&quot;:214,&quot;withWhiteBoard&quot;:true,&quot;capacity&quot;:6},{&quot;withTV&quot;:true,&quot;name&quot;:&quot;amazon&quot;,&quot;description&quot;:&quot;work hard. have fun. make history&quot;,&quot;id&quot;:215,&quot;withWhiteBoard&quot;:true,&quot;capacity&quot;:6},{&quot;withTV&quot;:true,&quot;name&quot;:&quot;tesla&quot;,&quot;description&quot;:&quot;just do it&quot;,&quot;id&quot;:216,&quot;withWhiteBoard&quot;:true,&quot;capacity&quot;:6},{&quot;withTV&quot;:true,&quot;name&quot;:&quot;facebook&quot;,&quot;description&quot;:&quot;move fast and break things&quot;,&quot;id&quot;:217,&quot;withWhiteBoard&quot;:true,&quot;capacity&quot;:6}],&quot;name&quot;:&quot;il&quot;,&quot;id&quot;:5}]}], expected: {location=VA, id=1, clusters=[{&quot;rooms&quot;:[{&quot;withTV&quot;:true,&quot;name&quot;:&quot;mit&quot;,&quot;description&quot;:&quot;mens et manus&quot;,&quot;id&quot;:111,&quot;withWhiteBoard&quot;:true,&quot;capacity&quot;:6},{&quot;withTV&quot;:true,&quot;name&quot;:&quot;harvard&quot;,&quot;description&quot;:&quot;veritas&quot;,&quot;id&quot;:112,&quot;withWhiteBoard&quot;:false,&quot;capacity&quot;:6},{&quot;withTV&quot;:true,&quot;name&quot;:&quot;yale&quot;,&quot;description&quot;:&quot;lux et veritas&quot;,&quot;id&quot;:113,&quot;withWhiteBoard&quot;:false,&quot;capacity&quot;:6},{&quot;withTV&quot;:true,&quot;name&quot;:&quot;princeton&quot;,&quot;description&quot;:&quot;dei sub numine viget&quot;,&quot;id&quot;:114,&quot;withWhiteBoard&quot;:false,&quot;capacity&quot;:4},{&quot;withTV&quot;:false,&quot;name&quot;:&quot;stanford&quot;,&quot;description&quot;:&quot;die luft der freiheit weht&quot;,&quot;id&quot;:115,&quot;withWhiteBoard&quot;:true,&quot;capacity&quot;:6},{&quot;withTV&quot;:true,&quot;name&quot;:&quot;duke&quot;,&quot;description&quot;:&quot;eruditio et religio&quot;,&quot;id&quot;:116,&quot;withWhiteBoard&quot;:false,&quot;capacity&quot;:4},{&quot;withTV&quot;:true,&quot;name&quot;:&quot;berkeley&quot;,&quot;description&quot;:&quot;fiat lux&quot;,&quot;id&quot;:117,&quot;withWhiteBoard&quot;:false,&quot;capacity&quot;:4}],&quot;name&quot;:&quot;light-side&quot;,&quot;id&quot;:3},{&quot;rooms&quot;:[{&quot;withTV&quot;:true,&quot;name&quot;:&quot;kilimanjaro&quot;,&quot;description&quot;:&quot;it isn't the mountains ahead to climb that wear you out, it's the pebble in your shoe&quot;,&quot;id&quot;:121,&quot;withWhiteBoard&quot;:true,&quot;capacity&quot;:6},{&quot;withTV&quot;:true,&quot;name&quot;:&quot;half dome&quot;,&quot;description&quot;:&quot;faith moves mountains&quot;,&quot;id&quot;:122,&quot;withWhiteBoard&quot;:true,&quot;capacity&quot;:6},{&quot;withTV&quot;:true,&quot;name&quot;:&quot;denali&quot;,&quot;description&quot;:&quot;you can't move mountains by whispering at them&quot;,&quot;id&quot;:123,&quot;withWhiteBoard&quot;:true,&quot;capacity&quot;:4},{&quot;withTV&quot;:true,&quot;name&quot;:&quot;meru&quot;,&quot;description&quot;:&quot;every mountain top is within reach if you just keep climbing&quot;,&quot;id&quot;:124,&quot;withWhiteBoard&quot;:true,&quot;capacity&quot;:4}],&quot;name&quot;:&quot;dark-side&quot;,&quot;id&quot;:4}]}, reason: actual value is not map-like">* def baseUrl = 'https://cybertek-reservation-api-qa2.herokuapp.com/' ..... passed
* def AuthFeature = call read('classpath:features/BookItAuth.feature') .... passed
* def accessToken = AuthFeature.token ..................................... passed
* print 'Token From Background',accessToken ............................... passed
Given url baseUrl ......................................................... passed
And path 'api/campuses' ................................................... passed
And header Authorization = 'Bearer ' + accessToken ........................ passed
And header Accept = 'application/json' .................................... passed
When method GET ........................................................... passed
Then status 200 ........................................................... passed
And print response ........................................................ passed
And def expectedCampuses = read('classpath:data/campuses.json') ........... passed
And match response == expectedCampuses .................................... failed

Stack Trace:
com.intuit.karate.exception.KarateException: BookItTests.feature:31 - path: $, actual: [{"location":"VA","id":1,"clusters":[{"rooms":[{"withTV":true,"name":"mit","description":"mens et manus","id":111,"withWhiteBoard":true,"capacity":6},{"withTV":true,"name":"harvard","description":"veritas","id":112,"withWhiteBoard":false,"capacity":6},{"withTV":true,"name":"yale","description":"lux et veritas","id":113,"withWhiteBoard":false,"capacity":6},{"withTV":true,"name":"princeton","description":"dei sub numine viget","id":114,"withWhiteBoard":false,"capacity":4},{"withTV":false,"name":"stanford","description":"die luft der freiheit weht","id":115,"withWhiteBoard":true,"capacity":6},{"withTV":true,"name":"duke","description":"eruditio et religio","id":116,"withWhiteBoard":false,"capacity":4},{"withTV":true,"name":"berkeley","description":"fiat lux","id":117,"withWhiteBoard":false,"capacity":4}],"name":"light-side","id":3},{"rooms":[{"withTV":true,"name":"kilimanjaro","description":"it isn't the mountains ahead to climb that wear you out, it's the pebble in your shoe","id":121,"withWhiteBoard":true,"capacity":6},{"withTV":true,"name":"half dome","description":"faith moves mountains","id":122,"withWhiteBoard":true,"capacity":6},{"withTV":true,"name":"denali","description":"you can't move mountains by whispering at them","id":123,"withWhiteBoard":true,"capacity":4},{"withTV":true,"name":"meru","description":"every mountain top is within reach if you just keep climbing","id":124,"withWhiteBoard":true,"capacity":4}],"name":"dark-side","id":4}]},{"location":"IL","id":2,"clusters":[{"rooms":[{"withTV":true,"name":"google","description":"don't be evil","id":211,"withWhiteBoard":true,"capacity":6},{"withTV":true,"name":"apple","description":"think different","id":212,"withWhiteBoard":true,"capacity":6},{"withTV":true,"name":"microsoft","description":"be what's next","id":213,"withWhiteBoard":true,"capacity":6},{"withTV":true,"name":"bay_area","description":"make future","id":214,"withWhiteBoard":true,"capacity":6},{"withTV":true,"name":"amazon","description":"work hard. have fun. make history","id":215,"withWhiteBoard":true,"capacity":6},{"withTV":true,"name":"tesla","description":"just do it","id":216,"withWhiteBoard":true,"capacity":6},{"withTV":true,"name":"facebook","description":"move fast and break things","id":217,"withWhiteBoard":true,"capacity":6}],"name":"il","id":5}]}], expected: {location=VA, id=1, clusters=[{"rooms":[{"withTV":true,"name":"mit","description":"mens et manus","id":111,"withWhiteBoard":true,"capacity":6},{"withTV":true,"name":"harvard","description":"veritas","id":112,"withWhiteBoard":false,"capacity":6},{"withTV":true,"name":"yale","description":"lux et veritas","id":113,"withWhiteBoard":false,"capacity":6},{"withTV":true,"name":"princeton","description":"dei sub numine viget","id":114,"withWhiteBoard":false,"capacity":4},{"withTV":false,"name":"stanford","description":"die luft der freiheit weht","id":115,"withWhiteBoard":true,"capacity":6},{"withTV":true,"name":"duke","description":"eruditio et religio","id":116,"withWhiteBoard":false,"capacity":4},{"withTV":true,"name":"berkeley","description":"fiat lux","id":117,"withWhiteBoard":false,"capacity":4}],"name":"light-side","id":3},{"rooms":[{"withTV":true,"name":"kilimanjaro","description":"it isn't the mountains ahead to climb that wear you out, it's the pebble in your shoe","id":121,"withWhiteBoard":true,"capacity":6},{"withTV":true,"name":"half dome","description":"faith moves mountains","id":122,"withWhiteBoard":true,"capacity":6},{"withTV":true,"name":"denali","description":"you can't move mountains by whispering at them","id":123,"withWhiteBoard":true,"capacity":4},{"withTV":true,"name":"meru","description":"every mountain top is within reach if you just keep climbing","id":124,"withWhiteBoard":true,"capacity":4}],"name":"dark-side","id":4}]}, reason: actual value is not map-like&#13;
	at ✽.And match response == expectedCampuses (BookItTests.feature:31)</failure>
  </testcase>
</testsuite>
