<testsuite failures="0" name="src/test/java/features/DataDrivenTests.feature" skipped="0" tests="16" time="46.624611">
  <testcase classname="src.test.java.features.DataDrivenTests" name="get user information verification(Database vs API) mnewbatt8o@utexas.edu" time="3.911056">
    <system-out>* def DBUtils = Java.type('utilities.DBUtils') ............................ passed
* def query = "select id,firstname,lastname,role from users where email = 'mnewbatt8o@utexas.edu'" . passed
* def dbResult = DBUtils.getRowMap(query) ................................. passed
* print 'DATABASE RESULT',dbResult ........................................ passed
Given url 'https://cybertek-reservation-api-qa2.herokuapp.com/' ........... passed
And path 'sign' ........................................................... passed
And header Accept = 'application/json' .................................... passed
And param email = 'mnewbatt8o@utexas.edu' ................................. passed
And param password = 'opalcave' ........................................... passed
When method GET ........................................................... passed
Then status 200 ........................................................... passed
And print response.accessToken ............................................ passed
And def token = response.accessToken ...................................... passed
Given url 'https://cybertek-reservation-api-qa2.herokuapp.com/' ........... passed
And path 'api/users/me' ................................................... passed
And header Authorization = 'Bearer ' + token .............................. passed
And header Accept = 'application/json' .................................... passed
When method GET ........................................................... passed
Then status 200 ........................................................... passed
And print response ........................................................ passed
And match response.id == dbResult.id ...................................... passed
And match response.firstName == dbResult.firstname ........................ passed
And match response.lastName == dbResult.lastname .......................... passed
And match response.role == dbResult.role .................................. passed</system-out>
  </testcase>
  <testcase classname="src.test.java.features.DataDrivenTests" name="get user information verification(Database vs API) wamiss8p@businesswire.com" time="2.99138">
    <system-out>* def DBUtils = Java.type('utilities.DBUtils') ............................ passed
* def query = "select id,firstname,lastname,role from users where email = 'mnewbatt8o@utexas.edu'" . passed
* def dbResult = DBUtils.getRowMap(query) ................................. passed
* print 'DATABASE RESULT',dbResult ........................................ passed
Given url 'https://cybertek-reservation-api-qa2.herokuapp.com/' ........... passed
And path 'sign' ........................................................... passed
And header Accept = 'application/json' .................................... passed
And param email = 'mnewbatt8o@utexas.edu' ................................. passed
And param password = 'opalcave' ........................................... passed
When method GET ........................................................... passed
Then status 200 ........................................................... passed
And print response.accessToken ............................................ passed
And def token = response.accessToken ...................................... passed
Given url 'https://cybertek-reservation-api-qa2.herokuapp.com/' ........... passed
And path 'api/users/me' ................................................... passed
And header Authorization = 'Bearer ' + token .............................. passed
And header Accept = 'application/json' .................................... passed
When method GET ........................................................... passed
Then status 200 ........................................................... passed
And print response ........................................................ passed
And match response.id == dbResult.id ...................................... passed
And match response.firstName == dbResult.firstname ........................ passed
And match response.lastName == dbResult.lastname .......................... passed
And match response.role == dbResult.role .................................. passed
* def DBUtils = Java.type('utilities.DBUtils') ............................ passed
* def query = "select id,firstname,lastname,role from users where email = 'wamiss8p@businesswire.com'" . passed
* def dbResult = DBUtils.getRowMap(query) ................................. passed
* print 'DATABASE RESULT',dbResult ........................................ passed
Given url 'https://cybertek-reservation-api-qa2.herokuapp.com/' ........... passed
And path 'sign' ........................................................... passed
And header Accept = 'application/json' .................................... passed
And param email = 'wamiss8p@businesswire.com' ............................. passed
And param password = 'olagrills' .......................................... passed
When method GET ........................................................... passed
Then status 200 ........................................................... passed
And print response.accessToken ............................................ passed
And def token = response.accessToken ...................................... passed
Given url 'https://cybertek-reservation-api-qa2.herokuapp.com/' ........... passed
And path 'api/users/me' ................................................... passed
And header Authorization = 'Bearer ' + token .............................. passed
And header Accept = 'application/json' .................................... passed
When method GET ........................................................... passed
Then status 200 ........................................................... passed
And print response ........................................................ passed
And match response.id == dbResult.id ...................................... passed
And match response.firstName == dbResult.firstname ........................ passed
And match response.lastName == dbResult.lastname .......................... passed
And match response.role == dbResult.role .................................. passed</system-out>
  </testcase>
  <testcase classname="src.test.java.features.DataDrivenTests" name="get user information verification(Database vs API) mstacey8r@imdb.com" time="2.8352">
    <system-out>* def DBUtils = Java.type('utilities.DBUtils') ............................ passed
* def query = "select id,firstname,lastname,role from users where email = 'mnewbatt8o@utexas.edu'" . passed
* def dbResult = DBUtils.getRowMap(query) ................................. passed
* print 'DATABASE RESULT',dbResult ........................................ passed
Given url 'https://cybertek-reservation-api-qa2.herokuapp.com/' ........... passed
And path 'sign' ........................................................... passed
And header Accept = 'application/json' .................................... passed
And param email = 'mnewbatt8o@utexas.edu' ................................. passed
And param password = 'opalcave' ........................................... passed
When method GET ........................................................... passed
Then status 200 ........................................................... passed
And print response.accessToken ............................................ passed
And def token = response.accessToken ...................................... passed
Given url 'https://cybertek-reservation-api-qa2.herokuapp.com/' ........... passed
And path 'api/users/me' ................................................... passed
And header Authorization = 'Bearer ' + token .............................. passed
And header Accept = 'application/json' .................................... passed
When method GET ........................................................... passed
Then status 200 ........................................................... passed
And print response ........................................................ passed
And match response.id == dbResult.id ...................................... passed
And match response.firstName == dbResult.firstname ........................ passed
And match response.lastName == dbResult.lastname .......................... passed
And match response.role == dbResult.role .................................. passed
* def DBUtils = Java.type('utilities.DBUtils') ............................ passed
* def query = "select id,firstname,lastname,role from users where email = 'wamiss8p@businesswire.com'" . passed
* def dbResult = DBUtils.getRowMap(query) ................................. passed
* print 'DATABASE RESULT',dbResult ........................................ passed
Given url 'https://cybertek-reservation-api-qa2.herokuapp.com/' ........... passed
And path 'sign' ........................................................... passed
And header Accept = 'application/json' .................................... passed
And param email = 'wamiss8p@businesswire.com' ............................. passed
And param password = 'olagrills' .......................................... passed
When method GET ........................................................... passed
Then status 200 ........................................................... passed
And print response.accessToken ............................................ passed
And def token = response.accessToken ...................................... passed
Given url 'https://cybertek-reservation-api-qa2.herokuapp.com/' ........... passed
And path 'api/users/me' ................................................... passed
And header Authorization = 'Bearer ' + token .............................. passed
And header Accept = 'application/json' .................................... passed
When method GET ........................................................... passed
Then status 200 ........................................................... passed
And print response ........................................................ passed
And match response.id == dbResult.id ...................................... passed
And match response.firstName == dbResult.firstname ........................ passed
And match response.lastName == dbResult.lastname .......................... passed
And match response.role == dbResult.role .................................. passed
* def DBUtils = Java.type('utilities.DBUtils') ............................ passed
* def query = "select id,firstname,lastname,role from users where email = 'mstacey8r@imdb.com'" . passed
* def dbResult = DBUtils.getRowMap(query) ................................. passed
* print 'DATABASE RESULT',dbResult ........................................ passed
Given url 'https://cybertek-reservation-api-qa2.herokuapp.com/' ........... passed
And path 'sign' ........................................................... passed
And header Accept = 'application/json' .................................... passed
And param email = 'mstacey8r@imdb.com' .................................... passed
And param password = 'skylargiblin' ....................................... passed
When method GET ........................................................... passed
Then status 200 ........................................................... passed
And print response.accessToken ............................................ passed
And def token = response.accessToken ...................................... passed
Given url 'https://cybertek-reservation-api-qa2.herokuapp.com/' ........... passed
And path 'api/users/me' ................................................... passed
And header Authorization = 'Bearer ' + token .............................. passed
And header Accept = 'application/json' .................................... passed
When method GET ........................................................... passed
Then status 200 ........................................................... passed
And print response ........................................................ passed
And match response.id == dbResult.id ...................................... passed
And match response.firstName == dbResult.firstname ........................ passed
And match response.lastName == dbResult.lastname .......................... passed
And match response.role == dbResult.role .................................. passed</system-out>
  </testcase>
  <testcase classname="src.test.java.features.DataDrivenTests" name="get user information verification(Database vs API) ecrasford8s@dagondesign.com" time="3.11806">
    <system-out>* def DBUtils = Java.type('utilities.DBUtils') ............................ passed
* def query = "select id,firstname,lastname,role from users where email = 'mnewbatt8o@utexas.edu'" . passed
* def dbResult = DBUtils.getRowMap(query) ................................. passed
* print 'DATABASE RESULT',dbResult ........................................ passed
Given url 'https://cybertek-reservation-api-qa2.herokuapp.com/' ........... passed
And path 'sign' ........................................................... passed
And header Accept = 'application/json' .................................... passed
And param email = 'mnewbatt8o@utexas.edu' ................................. passed
And param password = 'opalcave' ........................................... passed
When method GET ........................................................... passed
Then status 200 ........................................................... passed
And print response.accessToken ............................................ passed
And def token = response.accessToken ...................................... passed
Given url 'https://cybertek-reservation-api-qa2.herokuapp.com/' ........... passed
And path 'api/users/me' ................................................... passed
And header Authorization = 'Bearer ' + token .............................. passed
And header Accept = 'application/json' .................................... passed
When method GET ........................................................... passed
Then status 200 ........................................................... passed
And print response ........................................................ passed
And match response.id == dbResult.id ...................................... passed
And match response.firstName == dbResult.firstname ........................ passed
And match response.lastName == dbResult.lastname .......................... passed
And match response.role == dbResult.role .................................. passed
* def DBUtils = Java.type('utilities.DBUtils') ............................ passed
* def query = "select id,firstname,lastname,role from users where email = 'wamiss8p@businesswire.com'" . passed
* def dbResult = DBUtils.getRowMap(query) ................................. passed
* print 'DATABASE RESULT',dbResult ........................................ passed
Given url 'https://cybertek-reservation-api-qa2.herokuapp.com/' ........... passed
And path 'sign' ........................................................... passed
And header Accept = 'application/json' .................................... passed
And param email = 'wamiss8p@businesswire.com' ............................. passed
And param password = 'olagrills' .......................................... passed
When method GET ........................................................... passed
Then status 200 ........................................................... passed
And print response.accessToken ............................................ passed
And def token = response.accessToken ...................................... passed
Given url 'https://cybertek-reservation-api-qa2.herokuapp.com/' ........... passed
And path 'api/users/me' ................................................... passed
And header Authorization = 'Bearer ' + token .............................. passed
And header Accept = 'application/json' .................................... passed
When method GET ........................................................... passed
Then status 200 ........................................................... passed
And print response ........................................................ passed
And match response.id == dbResult.id ...................................... passed
And match response.firstName == dbResult.firstname ........................ passed
And match response.lastName == dbResult.lastname .......................... passed
And match response.role == dbResult.role .................................. passed
* def DBUtils = Java.type('utilities.DBUtils') ............................ passed
* def query = "select id,firstname,lastname,role from users where email = 'mstacey8r@imdb.com'" . passed
* def dbResult = DBUtils.getRowMap(query) ................................. passed
* print 'DATABASE RESULT',dbResult ........................................ passed
Given url 'https://cybertek-reservation-api-qa2.herokuapp.com/' ........... passed
And path 'sign' ........................................................... passed
And header Accept = 'application/json' .................................... passed
And param email = 'mstacey8r@imdb.com' .................................... passed
And param password = 'skylargiblin' ....................................... passed
When method GET ........................................................... passed
Then status 200 ........................................................... passed
And print response.accessToken ............................................ passed
And def token = response.accessToken ...................................... passed
Given url 'https://cybertek-reservation-api-qa2.herokuapp.com/' ........... passed
And path 'api/users/me' ................................................... passed
And header Authorization = 'Bearer ' + token .............................. passed
And header Accept = 'application/json' .................................... passed
When method GET ........................................................... passed
Then status 200 ........................................................... passed
And print response ........................................................ passed
And match response.id == dbResult.id ...................................... passed
And match response.firstName == dbResult.firstname ........................ passed
And match response.lastName == dbResult.lastname .......................... passed
And match response.role == dbResult.role .................................. passed
* def DBUtils = Java.type('utilities.DBUtils') ............................ passed
* def query = "select id,firstname,lastname,role from users where email = 'ecrasford8s@dagondesign.com'" . passed
* def dbResult = DBUtils.getRowMap(query) ................................. passed
* print 'DATABASE RESULT',dbResult ........................................ passed
Given url 'https://cybertek-reservation-api-qa2.herokuapp.com/' ........... passed
And path 'sign' ........................................................... passed
And header Accept = 'application/json' .................................... passed
And param email = 'ecrasford8s@dagondesign.com' ........................... passed
And param password = 'bricesiddell' ....................................... passed
When method GET ........................................................... passed
Then status 200 ........................................................... passed
And print response.accessToken ............................................ passed
And def token = response.accessToken ...................................... passed
Given url 'https://cybertek-reservation-api-qa2.herokuapp.com/' ........... passed
And path 'api/users/me' ................................................... passed
And header Authorization = 'Bearer ' + token .............................. passed
And header Accept = 'application/json' .................................... passed
When method GET ........................................................... passed
Then status 200 ........................................................... passed
And print response ........................................................ passed
And match response.id == dbResult.id ...................................... passed
And match response.firstName == dbResult.firstname ........................ passed
And match response.lastName == dbResult.lastname .......................... passed
And match response.role == dbResult.role .................................. passed</system-out>
  </testcase>
  <testcase classname="src.test.java.features.DataDrivenTests" name="get user information verification(Database vs API) gwilloway8t@nih.gov" time="2.936305">
    <system-out>* def DBUtils = Java.type('utilities.DBUtils') ............................ passed
* def query = "select id,firstname,lastname,role from users where email = 'mnewbatt8o@utexas.edu'" . passed
* def dbResult = DBUtils.getRowMap(query) ................................. passed
* print 'DATABASE RESULT',dbResult ........................................ passed
Given url 'https://cybertek-reservation-api-qa2.herokuapp.com/' ........... passed
And path 'sign' ........................................................... passed
And header Accept = 'application/json' .................................... passed
And param email = 'mnewbatt8o@utexas.edu' ................................. passed
And param password = 'opalcave' ........................................... passed
When method GET ........................................................... passed
Then status 200 ........................................................... passed
And print response.accessToken ............................................ passed
And def token = response.accessToken ...................................... passed
Given url 'https://cybertek-reservation-api-qa2.herokuapp.com/' ........... passed
And path 'api/users/me' ................................................... passed
And header Authorization = 'Bearer ' + token .............................. passed
And header Accept = 'application/json' .................................... passed
When method GET ........................................................... passed
Then status 200 ........................................................... passed
And print response ........................................................ passed
And match response.id == dbResult.id ...................................... passed
And match response.firstName == dbResult.firstname ........................ passed
And match response.lastName == dbResult.lastname .......................... passed
And match response.role == dbResult.role .................................. passed
* def DBUtils = Java.type('utilities.DBUtils') ............................ passed
* def query = "select id,firstname,lastname,role from users where email = 'wamiss8p@businesswire.com'" . passed
* def dbResult = DBUtils.getRowMap(query) ................................. passed
* print 'DATABASE RESULT',dbResult ........................................ passed
Given url 'https://cybertek-reservation-api-qa2.herokuapp.com/' ........... passed
And path 'sign' ........................................................... passed
And header Accept = 'application/json' .................................... passed
And param email = 'wamiss8p@businesswire.com' ............................. passed
And param password = 'olagrills' .......................................... passed
When method GET ........................................................... passed
Then status 200 ........................................................... passed
And print response.accessToken ............................................ passed
And def token = response.accessToken ...................................... passed
Given url 'https://cybertek-reservation-api-qa2.herokuapp.com/' ........... passed
And path 'api/users/me' ................................................... passed
And header Authorization = 'Bearer ' + token .............................. passed
And header Accept = 'application/json' .................................... passed
When method GET ........................................................... passed
Then status 200 ........................................................... passed
And print response ........................................................ passed
And match response.id == dbResult.id ...................................... passed
And match response.firstName == dbResult.firstname ........................ passed
And match response.lastName == dbResult.lastname .......................... passed
And match response.role == dbResult.role .................................. passed
* def DBUtils = Java.type('utilities.DBUtils') ............................ passed
* def query = "select id,firstname,lastname,role from users where email = 'mstacey8r@imdb.com'" . passed
* def dbResult = DBUtils.getRowMap(query) ................................. passed
* print 'DATABASE RESULT',dbResult ........................................ passed
Given url 'https://cybertek-reservation-api-qa2.herokuapp.com/' ........... passed
And path 'sign' ........................................................... passed
And header Accept = 'application/json' .................................... passed
And param email = 'mstacey8r@imdb.com' .................................... passed
And param password = 'skylargiblin' ....................................... passed
When method GET ........................................................... passed
Then status 200 ........................................................... passed
And print response.accessToken ............................................ passed
And def token = response.accessToken ...................................... passed
Given url 'https://cybertek-reservation-api-qa2.herokuapp.com/' ........... passed
And path 'api/users/me' ................................................... passed
And header Authorization = 'Bearer ' + token .............................. passed
And header Accept = 'application/json' .................................... passed
When method GET ........................................................... passed
Then status 200 ........................................................... passed
And print response ........................................................ passed
And match response.id == dbResult.id ...................................... passed
And match response.firstName == dbResult.firstname ........................ passed
And match response.lastName == dbResult.lastname .......................... passed
And match response.role == dbResult.role .................................. passed
* def DBUtils = Java.type('utilities.DBUtils') ............................ passed
* def query = "select id,firstname,lastname,role from users where email = 'ecrasford8s@dagondesign.com'" . passed
* def dbResult = DBUtils.getRowMap(query) ................................. passed
* print 'DATABASE RESULT',dbResult ........................................ passed
Given url 'https://cybertek-reservation-api-qa2.herokuapp.com/' ........... passed
And path 'sign' ........................................................... passed
And header Accept = 'application/json' .................................... passed
And param email = 'ecrasford8s@dagondesign.com' ........................... passed
And param password = 'bricesiddell' ....................................... passed
When method GET ........................................................... passed
Then status 200 ........................................................... passed
And print response.accessToken ............................................ passed
And def token = response.accessToken ...................................... passed
Given url 'https://cybertek-reservation-api-qa2.herokuapp.com/' ........... passed
And path 'api/users/me' ................................................... passed
And header Authorization = 'Bearer ' + token .............................. passed
And header Accept = 'application/json' .................................... passed
When method GET ........................................................... passed
Then status 200 ........................................................... passed
And print response ........................................................ passed
And match response.id == dbResult.id ...................................... passed
And match response.firstName == dbResult.firstname ........................ passed
And match response.lastName == dbResult.lastname .......................... passed
And match response.role == dbResult.role .................................. passed
* def DBUtils = Java.type('utilities.DBUtils') ............................ passed
* def query = "select id,firstname,lastname,role from users where email = 'gwilloway8t@nih.gov'" . passed
* def dbResult = DBUtils.getRowMap(query) ................................. passed
* print 'DATABASE RESULT',dbResult ........................................ passed
Given url 'https://cybertek-reservation-api-qa2.herokuapp.com/' ........... passed
And path 'sign' ........................................................... passed
And header Accept = 'application/json' .................................... passed
And param email = 'gwilloway8t@nih.gov' ................................... passed
And param password = 'morrievondrach' ..................................... passed
When method GET ........................................................... passed
Then status 200 ........................................................... passed
And print response.accessToken ............................................ passed
And def token = response.accessToken ...................................... passed
Given url 'https://cybertek-reservation-api-qa2.herokuapp.com/' ........... passed
And path 'api/users/me' ................................................... passed
And header Authorization = 'Bearer ' + token .............................. passed
And header Accept = 'application/json' .................................... passed
When method GET ........................................................... passed
Then status 200 ........................................................... passed
And print response ........................................................ passed
And match response.id == dbResult.id ...................................... passed
And match response.firstName == dbResult.firstname ........................ passed
And match response.lastName == dbResult.lastname .......................... passed
And match response.role == dbResult.role .................................. passed</system-out>
  </testcase>
  <testcase classname="src.test.java.features.DataDrivenTests" name="get user information verification(Database vs API) hurey8u@go.com" time="2.714694">
    <system-out>* def DBUtils = Java.type('utilities.DBUtils') ............................ passed
* def query = "select id,firstname,lastname,role from users where email = 'mnewbatt8o@utexas.edu'" . passed
* def dbResult = DBUtils.getRowMap(query) ................................. passed
* print 'DATABASE RESULT',dbResult ........................................ passed
Given url 'https://cybertek-reservation-api-qa2.herokuapp.com/' ........... passed
And path 'sign' ........................................................... passed
And header Accept = 'application/json' .................................... passed
And param email = 'mnewbatt8o@utexas.edu' ................................. passed
And param password = 'opalcave' ........................................... passed
When method GET ........................................................... passed
Then status 200 ........................................................... passed
And print response.accessToken ............................................ passed
And def token = response.accessToken ...................................... passed
Given url 'https://cybertek-reservation-api-qa2.herokuapp.com/' ........... passed
And path 'api/users/me' ................................................... passed
And header Authorization = 'Bearer ' + token .............................. passed
And header Accept = 'application/json' .................................... passed
When method GET ........................................................... passed
Then status 200 ........................................................... passed
And print response ........................................................ passed
And match response.id == dbResult.id ...................................... passed
And match response.firstName == dbResult.firstname ........................ passed
And match response.lastName == dbResult.lastname .......................... passed
And match response.role == dbResult.role .................................. passed
* def DBUtils = Java.type('utilities.DBUtils') ............................ passed
* def query = "select id,firstname,lastname,role from users where email = 'wamiss8p@businesswire.com'" . passed
* def dbResult = DBUtils.getRowMap(query) ................................. passed
* print 'DATABASE RESULT',dbResult ........................................ passed
Given url 'https://cybertek-reservation-api-qa2.herokuapp.com/' ........... passed
And path 'sign' ........................................................... passed
And header Accept = 'application/json' .................................... passed
And param email = 'wamiss8p@businesswire.com' ............................. passed
And param password = 'olagrills' .......................................... passed
When method GET ........................................................... passed
Then status 200 ........................................................... passed
And print response.accessToken ............................................ passed
And def token = response.accessToken ...................................... passed
Given url 'https://cybertek-reservation-api-qa2.herokuapp.com/' ........... passed
And path 'api/users/me' ................................................... passed
And header Authorization = 'Bearer ' + token .............................. passed
And header Accept = 'application/json' .................................... passed
When method GET ........................................................... passed
Then status 200 ........................................................... passed
And print response ........................................................ passed
And match response.id == dbResult.id ...................................... passed
And match response.firstName == dbResult.firstname ........................ passed
And match response.lastName == dbResult.lastname .......................... passed
And match response.role == dbResult.role .................................. passed
* def DBUtils = Java.type('utilities.DBUtils') ............................ passed
* def query = "select id,firstname,lastname,role from users where email = 'mstacey8r@imdb.com'" . passed
* def dbResult = DBUtils.getRowMap(query) ................................. passed
* print 'DATABASE RESULT',dbResult ........................................ passed
Given url 'https://cybertek-reservation-api-qa2.herokuapp.com/' ........... passed
And path 'sign' ........................................................... passed
And header Accept = 'application/json' .................................... passed
And param email = 'mstacey8r@imdb.com' .................................... passed
And param password = 'skylargiblin' ....................................... passed
When method GET ........................................................... passed
Then status 200 ........................................................... passed
And print response.accessToken ............................................ passed
And def token = response.accessToken ...................................... passed
Given url 'https://cybertek-reservation-api-qa2.herokuapp.com/' ........... passed
And path 'api/users/me' ................................................... passed
And header Authorization = 'Bearer ' + token .............................. passed
And header Accept = 'application/json' .................................... passed
When method GET ........................................................... passed
Then status 200 ........................................................... passed
And print response ........................................................ passed
And match response.id == dbResult.id ...................................... passed
And match response.firstName == dbResult.firstname ........................ passed
And match response.lastName == dbResult.lastname .......................... passed
And match response.role == dbResult.role .................................. passed
* def DBUtils = Java.type('utilities.DBUtils') ............................ passed
* def query = "select id,firstname,lastname,role from users where email = 'ecrasford8s@dagondesign.com'" . passed
* def dbResult = DBUtils.getRowMap(query) ................................. passed
* print 'DATABASE RESULT',dbResult ........................................ passed
Given url 'https://cybertek-reservation-api-qa2.herokuapp.com/' ........... passed
And path 'sign' ........................................................... passed
And header Accept = 'application/json' .................................... passed
And param email = 'ecrasford8s@dagondesign.com' ........................... passed
And param password = 'bricesiddell' ....................................... passed
When method GET ........................................................... passed
Then status 200 ........................................................... passed
And print response.accessToken ............................................ passed
And def token = response.accessToken ...................................... passed
Given url 'https://cybertek-reservation-api-qa2.herokuapp.com/' ........... passed
And path 'api/users/me' ................................................... passed
And header Authorization = 'Bearer ' + token .............................. passed
And header Accept = 'application/json' .................................... passed
When method GET ........................................................... passed
Then status 200 ........................................................... passed
And print response ........................................................ passed
And match response.id == dbResult.id ...................................... passed
And match response.firstName == dbResult.firstname ........................ passed
And match response.lastName == dbResult.lastname .......................... passed
And match response.role == dbResult.role .................................. passed
* def DBUtils = Java.type('utilities.DBUtils') ............................ passed
* def query = "select id,firstname,lastname,role from users where email = 'gwilloway8t@nih.gov'" . passed
* def dbResult = DBUtils.getRowMap(query) ................................. passed
* print 'DATABASE RESULT',dbResult ........................................ passed
Given url 'https://cybertek-reservation-api-qa2.herokuapp.com/' ........... passed
And path 'sign' ........................................................... passed
And header Accept = 'application/json' .................................... passed
And param email = 'gwilloway8t@nih.gov' ................................... passed
And param password = 'morrievondrach' ..................................... passed
When method GET ........................................................... passed
Then status 200 ........................................................... passed
And print response.accessToken ............................................ passed
And def token = response.accessToken ...................................... passed
Given url 'https://cybertek-reservation-api-qa2.herokuapp.com/' ........... passed
And path 'api/users/me' ................................................... passed
And header Authorization = 'Bearer ' + token .............................. passed
And header Accept = 'application/json' .................................... passed
When method GET ........................................................... passed
Then status 200 ........................................................... passed
And print response ........................................................ passed
And match response.id == dbResult.id ...................................... passed
And match response.firstName == dbResult.firstname ........................ passed
And match response.lastName == dbResult.lastname .......................... passed
And match response.role == dbResult.role .................................. passed
* def DBUtils = Java.type('utilities.DBUtils') ............................ passed
* def query = "select id,firstname,lastname,role from users where email = 'hurey8u@go.com'" . passed
* def dbResult = DBUtils.getRowMap(query) ................................. passed
* print 'DATABASE RESULT',dbResult ........................................ passed
Given url 'https://cybertek-reservation-api-qa2.herokuapp.com/' ........... passed
And path 'sign' ........................................................... passed
And header Accept = 'application/json' .................................... passed
And param email = 'hurey8u@go.com' ........................................ passed
And param password = 'elenemaynell' ....................................... passed
When method GET ........................................................... passed
Then status 200 ........................................................... passed
And print response.accessToken ............................................ passed
And def token = response.accessToken ...................................... passed
Given url 'https://cybertek-reservation-api-qa2.herokuapp.com/' ........... passed
And path 'api/users/me' ................................................... passed
And header Authorization = 'Bearer ' + token .............................. passed
And header Accept = 'application/json' .................................... passed
When method GET ........................................................... passed
Then status 200 ........................................................... passed
And print response ........................................................ passed
And match response.id == dbResult.id ...................................... passed
And match response.firstName == dbResult.firstname ........................ passed
And match response.lastName == dbResult.lastname .......................... passed
And match response.role == dbResult.role .................................. passed</system-out>
  </testcase>
  <testcase classname="src.test.java.features.DataDrivenTests" name="get user information verification(Database vs API) dronaghan8v@google.ca" time="2.913419">
    <system-out>* def DBUtils = Java.type('utilities.DBUtils') ............................ passed
* def query = "select id,firstname,lastname,role from users where email = 'mnewbatt8o@utexas.edu'" . passed
* def dbResult = DBUtils.getRowMap(query) ................................. passed
* print 'DATABASE RESULT',dbResult ........................................ passed
Given url 'https://cybertek-reservation-api-qa2.herokuapp.com/' ........... passed
And path 'sign' ........................................................... passed
And header Accept = 'application/json' .................................... passed
And param email = 'mnewbatt8o@utexas.edu' ................................. passed
And param password = 'opalcave' ........................................... passed
When method GET ........................................................... passed
Then status 200 ........................................................... passed
And print response.accessToken ............................................ passed
And def token = response.accessToken ...................................... passed
Given url 'https://cybertek-reservation-api-qa2.herokuapp.com/' ........... passed
And path 'api/users/me' ................................................... passed
And header Authorization = 'Bearer ' + token .............................. passed
And header Accept = 'application/json' .................................... passed
When method GET ........................................................... passed
Then status 200 ........................................................... passed
And print response ........................................................ passed
And match response.id == dbResult.id ...................................... passed
And match response.firstName == dbResult.firstname ........................ passed
And match response.lastName == dbResult.lastname .......................... passed
And match response.role == dbResult.role .................................. passed
* def DBUtils = Java.type('utilities.DBUtils') ............................ passed
* def query = "select id,firstname,lastname,role from users where email = 'wamiss8p@businesswire.com'" . passed
* def dbResult = DBUtils.getRowMap(query) ................................. passed
* print 'DATABASE RESULT',dbResult ........................................ passed
Given url 'https://cybertek-reservation-api-qa2.herokuapp.com/' ........... passed
And path 'sign' ........................................................... passed
And header Accept = 'application/json' .................................... passed
And param email = 'wamiss8p@businesswire.com' ............................. passed
And param password = 'olagrills' .......................................... passed
When method GET ........................................................... passed
Then status 200 ........................................................... passed
And print response.accessToken ............................................ passed
And def token = response.accessToken ...................................... passed
Given url 'https://cybertek-reservation-api-qa2.herokuapp.com/' ........... passed
And path 'api/users/me' ................................................... passed
And header Authorization = 'Bearer ' + token .............................. passed
And header Accept = 'application/json' .................................... passed
When method GET ........................................................... passed
Then status 200 ........................................................... passed
And print response ........................................................ passed
And match response.id == dbResult.id ...................................... passed
And match response.firstName == dbResult.firstname ........................ passed
And match response.lastName == dbResult.lastname .......................... passed
And match response.role == dbResult.role .................................. passed
* def DBUtils = Java.type('utilities.DBUtils') ............................ passed
* def query = "select id,firstname,lastname,role from users where email = 'mstacey8r@imdb.com'" . passed
* def dbResult = DBUtils.getRowMap(query) ................................. passed
* print 'DATABASE RESULT',dbResult ........................................ passed
Given url 'https://cybertek-reservation-api-qa2.herokuapp.com/' ........... passed
And path 'sign' ........................................................... passed
And header Accept = 'application/json' .................................... passed
And param email = 'mstacey8r@imdb.com' .................................... passed
And param password = 'skylargiblin' ....................................... passed
When method GET ........................................................... passed
Then status 200 ........................................................... passed
And print response.accessToken ............................................ passed
And def token = response.accessToken ...................................... passed
Given url 'https://cybertek-reservation-api-qa2.herokuapp.com/' ........... passed
And path 'api/users/me' ................................................... passed
And header Authorization = 'Bearer ' + token .............................. passed
And header Accept = 'application/json' .................................... passed
When method GET ........................................................... passed
Then status 200 ........................................................... passed
And print response ........................................................ passed
And match response.id == dbResult.id ...................................... passed
And match response.firstName == dbResult.firstname ........................ passed
And match response.lastName == dbResult.lastname .......................... passed
And match response.role == dbResult.role .................................. passed
* def DBUtils = Java.type('utilities.DBUtils') ............................ passed
* def query = "select id,firstname,lastname,role from users where email = 'ecrasford8s@dagondesign.com'" . passed
* def dbResult = DBUtils.getRowMap(query) ................................. passed
* print 'DATABASE RESULT',dbResult ........................................ passed
Given url 'https://cybertek-reservation-api-qa2.herokuapp.com/' ........... passed
And path 'sign' ........................................................... passed
And header Accept = 'application/json' .................................... passed
And param email = 'ecrasford8s@dagondesign.com' ........................... passed
And param password = 'bricesiddell' ....................................... passed
When method GET ........................................................... passed
Then status 200 ........................................................... passed
And print response.accessToken ............................................ passed
And def token = response.accessToken ...................................... passed
Given url 'https://cybertek-reservation-api-qa2.herokuapp.com/' ........... passed
And path 'api/users/me' ................................................... passed
And header Authorization = 'Bearer ' + token .............................. passed
And header Accept = 'application/json' .................................... passed
When method GET ........................................................... passed
Then status 200 ........................................................... passed
And print response ........................................................ passed
And match response.id == dbResult.id ...................................... passed
And match response.firstName == dbResult.firstname ........................ passed
And match response.lastName == dbResult.lastname .......................... passed
And match response.role == dbResult.role .................................. passed
* def DBUtils = Java.type('utilities.DBUtils') ............................ passed
* def query = "select id,firstname,lastname,role from users where email = 'gwilloway8t@nih.gov'" . passed
* def dbResult = DBUtils.getRowMap(query) ................................. passed
* print 'DATABASE RESULT',dbResult ........................................ passed
Given url 'https://cybertek-reservation-api-qa2.herokuapp.com/' ........... passed
And path 'sign' ........................................................... passed
And header Accept = 'application/json' .................................... passed
And param email = 'gwilloway8t@nih.gov' ................................... passed
And param password = 'morrievondrach' ..................................... passed
When method GET ........................................................... passed
Then status 200 ........................................................... passed
And print response.accessToken ............................................ passed
And def token = response.accessToken ...................................... passed
Given url 'https://cybertek-reservation-api-qa2.herokuapp.com/' ........... passed
And path 'api/users/me' ................................................... passed
And header Authorization = 'Bearer ' + token .............................. passed
And header Accept = 'application/json' .................................... passed
When method GET ........................................................... passed
Then status 200 ........................................................... passed
And print response ........................................................ passed
And match response.id == dbResult.id ...................................... passed
And match response.firstName == dbResult.firstname ........................ passed
And match response.lastName == dbResult.lastname .......................... passed
And match response.role == dbResult.role .................................. passed
* def DBUtils = Java.type('utilities.DBUtils') ............................ passed
* def query = "select id,firstname,lastname,role from users where email = 'hurey8u@go.com'" . passed
* def dbResult = DBUtils.getRowMap(query) ................................. passed
* print 'DATABASE RESULT',dbResult ........................................ passed
Given url 'https://cybertek-reservation-api-qa2.herokuapp.com/' ........... passed
And path 'sign' ........................................................... passed
And header Accept = 'application/json' .................................... passed
And param email = 'hurey8u@go.com' ........................................ passed
And param password = 'elenemaynell' ....................................... passed
When method GET ........................................................... passed
Then status 200 ........................................................... passed
And print response.accessToken ............................................ passed
And def token = response.accessToken ...................................... passed
Given url 'https://cybertek-reservation-api-qa2.herokuapp.com/' ........... passed
And path 'api/users/me' ................................................... passed
And header Authorization = 'Bearer ' + token .............................. passed
And header Accept = 'application/json' .................................... passed
When method GET ........................................................... passed
Then status 200 ........................................................... passed
And print response ........................................................ passed
And match response.id == dbResult.id ...................................... passed
And match response.firstName == dbResult.firstname ........................ passed
And match response.lastName == dbResult.lastname .......................... passed
And match response.role == dbResult.role .................................. passed
* def DBUtils = Java.type('utilities.DBUtils') ............................ passed
* def query = "select id,firstname,lastname,role from users where email = 'dronaghan8v@google.ca'" . passed
* def dbResult = DBUtils.getRowMap(query) ................................. passed
* print 'DATABASE RESULT',dbResult ........................................ passed
Given url 'https://cybertek-reservation-api-qa2.herokuapp.com/' ........... passed
And path 'sign' ........................................................... passed
And header Accept = 'application/json' .................................... passed
And param email = 'dronaghan8v@google.ca' ................................. passed
And param password = 'nonnayablsley' ...................................... passed
When method GET ........................................................... passed
Then status 200 ........................................................... passed
And print response.accessToken ............................................ passed
And def token = response.accessToken ...................................... passed
Given url 'https://cybertek-reservation-api-qa2.herokuapp.com/' ........... passed
And path 'api/users/me' ................................................... passed
And header Authorization = 'Bearer ' + token .............................. passed
And header Accept = 'application/json' .................................... passed
When method GET ........................................................... passed
Then status 200 ........................................................... passed
And print response ........................................................ passed
And match response.id == dbResult.id ...................................... passed
And match response.firstName == dbResult.firstname ........................ passed
And match response.lastName == dbResult.lastname .......................... passed
And match response.role == dbResult.role .................................. passed</system-out>
  </testcase>
  <testcase classname="src.test.java.features.DataDrivenTests" name="get user information verification(Database vs API) fvaughn8w@state.gov" time="2.631423">
    <system-out>* def DBUtils = Java.type('utilities.DBUtils') ............................ passed
* def query = "select id,firstname,lastname,role from users where email = 'mnewbatt8o@utexas.edu'" . passed
* def dbResult = DBUtils.getRowMap(query) ................................. passed
* print 'DATABASE RESULT',dbResult ........................................ passed
Given url 'https://cybertek-reservation-api-qa2.herokuapp.com/' ........... passed
And path 'sign' ........................................................... passed
And header Accept = 'application/json' .................................... passed
And param email = 'mnewbatt8o@utexas.edu' ................................. passed
And param password = 'opalcave' ........................................... passed
When method GET ........................................................... passed
Then status 200 ........................................................... passed
And print response.accessToken ............................................ passed
And def token = response.accessToken ...................................... passed
Given url 'https://cybertek-reservation-api-qa2.herokuapp.com/' ........... passed
And path 'api/users/me' ................................................... passed
And header Authorization = 'Bearer ' + token .............................. passed
And header Accept = 'application/json' .................................... passed
When method GET ........................................................... passed
Then status 200 ........................................................... passed
And print response ........................................................ passed
And match response.id == dbResult.id ...................................... passed
And match response.firstName == dbResult.firstname ........................ passed
And match response.lastName == dbResult.lastname .......................... passed
And match response.role == dbResult.role .................................. passed
* def DBUtils = Java.type('utilities.DBUtils') ............................ passed
* def query = "select id,firstname,lastname,role from users where email = 'wamiss8p@businesswire.com'" . passed
* def dbResult = DBUtils.getRowMap(query) ................................. passed
* print 'DATABASE RESULT',dbResult ........................................ passed
Given url 'https://cybertek-reservation-api-qa2.herokuapp.com/' ........... passed
And path 'sign' ........................................................... passed
And header Accept = 'application/json' .................................... passed
And param email = 'wamiss8p@businesswire.com' ............................. passed
And param password = 'olagrills' .......................................... passed
When method GET ........................................................... passed
Then status 200 ........................................................... passed
And print response.accessToken ............................................ passed
And def token = response.accessToken ...................................... passed
Given url 'https://cybertek-reservation-api-qa2.herokuapp.com/' ........... passed
And path 'api/users/me' ................................................... passed
And header Authorization = 'Bearer ' + token .............................. passed
And header Accept = 'application/json' .................................... passed
When method GET ........................................................... passed
Then status 200 ........................................................... passed
And print response ........................................................ passed
And match response.id == dbResult.id ...................................... passed
And match response.firstName == dbResult.firstname ........................ passed
And match response.lastName == dbResult.lastname .......................... passed
And match response.role == dbResult.role .................................. passed
* def DBUtils = Java.type('utilities.DBUtils') ............................ passed
* def query = "select id,firstname,lastname,role from users where email = 'mstacey8r@imdb.com'" . passed
* def dbResult = DBUtils.getRowMap(query) ................................. passed
* print 'DATABASE RESULT',dbResult ........................................ passed
Given url 'https://cybertek-reservation-api-qa2.herokuapp.com/' ........... passed
And path 'sign' ........................................................... passed
And header Accept = 'application/json' .................................... passed
And param email = 'mstacey8r@imdb.com' .................................... passed
And param password = 'skylargiblin' ....................................... passed
When method GET ........................................................... passed
Then status 200 ........................................................... passed
And print response.accessToken ............................................ passed
And def token = response.accessToken ...................................... passed
Given url 'https://cybertek-reservation-api-qa2.herokuapp.com/' ........... passed
And path 'api/users/me' ................................................... passed
And header Authorization = 'Bearer ' + token .............................. passed
And header Accept = 'application/json' .................................... passed
When method GET ........................................................... passed
Then status 200 ........................................................... passed
And print response ........................................................ passed
And match response.id == dbResult.id ...................................... passed
And match response.firstName == dbResult.firstname ........................ passed
And match response.lastName == dbResult.lastname .......................... passed
And match response.role == dbResult.role .................................. passed
* def DBUtils = Java.type('utilities.DBUtils') ............................ passed
* def query = "select id,firstname,lastname,role from users where email = 'ecrasford8s@dagondesign.com'" . passed
* def dbResult = DBUtils.getRowMap(query) ................................. passed
* print 'DATABASE RESULT',dbResult ........................................ passed
Given url 'https://cybertek-reservation-api-qa2.herokuapp.com/' ........... passed
And path 'sign' ........................................................... passed
And header Accept = 'application/json' .................................... passed
And param email = 'ecrasford8s@dagondesign.com' ........................... passed
And param password = 'bricesiddell' ....................................... passed
When method GET ........................................................... passed
Then status 200 ........................................................... passed
And print response.accessToken ............................................ passed
And def token = response.accessToken ...................................... passed
Given url 'https://cybertek-reservation-api-qa2.herokuapp.com/' ........... passed
And path 'api/users/me' ................................................... passed
And header Authorization = 'Bearer ' + token .............................. passed
And header Accept = 'application/json' .................................... passed
When method GET ........................................................... passed
Then status 200 ........................................................... passed
And print response ........................................................ passed
And match response.id == dbResult.id ...................................... passed
And match response.firstName == dbResult.firstname ........................ passed
And match response.lastName == dbResult.lastname .......................... passed
And match response.role == dbResult.role .................................. passed
* def DBUtils = Java.type('utilities.DBUtils') ............................ passed
* def query = "select id,firstname,lastname,role from users where email = 'gwilloway8t@nih.gov'" . passed
* def dbResult = DBUtils.getRowMap(query) ................................. passed
* print 'DATABASE RESULT',dbResult ........................................ passed
Given url 'https://cybertek-reservation-api-qa2.herokuapp.com/' ........... passed
And path 'sign' ........................................................... passed
And header Accept = 'application/json' .................................... passed
And param email = 'gwilloway8t@nih.gov' ................................... passed
And param password = 'morrievondrach' ..................................... passed
When method GET ........................................................... passed
Then status 200 ........................................................... passed
And print response.accessToken ............................................ passed
And def token = response.accessToken ...................................... passed
Given url 'https://cybertek-reservation-api-qa2.herokuapp.com/' ........... passed
And path 'api/users/me' ................................................... passed
And header Authorization = 'Bearer ' + token .............................. passed
And header Accept = 'application/json' .................................... passed
When method GET ........................................................... passed
Then status 200 ........................................................... passed
And print response ........................................................ passed
And match response.id == dbResult.id ...................................... passed
And match response.firstName == dbResult.firstname ........................ passed
And match response.lastName == dbResult.lastname .......................... passed
And match response.role == dbResult.role .................................. passed
* def DBUtils = Java.type('utilities.DBUtils') ............................ passed
* def query = "select id,firstname,lastname,role from users where email = 'hurey8u@go.com'" . passed
* def dbResult = DBUtils.getRowMap(query) ................................. passed
* print 'DATABASE RESULT',dbResult ........................................ passed
Given url 'https://cybertek-reservation-api-qa2.herokuapp.com/' ........... passed
And path 'sign' ........................................................... passed
And header Accept = 'application/json' .................................... passed
And param email = 'hurey8u@go.com' ........................................ passed
And param password = 'elenemaynell' ....................................... passed
When method GET ........................................................... passed
Then status 200 ........................................................... passed
And print response.accessToken ............................................ passed
And def token = response.accessToken ...................................... passed
Given url 'https://cybertek-reservation-api-qa2.herokuapp.com/' ........... passed
And path 'api/users/me' ................................................... passed
And header Authorization = 'Bearer ' + token .............................. passed
And header Accept = 'application/json' .................................... passed
When method GET ........................................................... passed
Then status 200 ........................................................... passed
And print response ........................................................ passed
And match response.id == dbResult.id ...................................... passed
And match response.firstName == dbResult.firstname ........................ passed
And match response.lastName == dbResult.lastname .......................... passed
And match response.role == dbResult.role .................................. passed
* def DBUtils = Java.type('utilities.DBUtils') ............................ passed
* def query = "select id,firstname,lastname,role from users where email = 'dronaghan8v@google.ca'" . passed
* def dbResult = DBUtils.getRowMap(query) ................................. passed
* print 'DATABASE RESULT',dbResult ........................................ passed
Given url 'https://cybertek-reservation-api-qa2.herokuapp.com/' ........... passed
And path 'sign' ........................................................... passed
And header Accept = 'application/json' .................................... passed
And param email = 'dronaghan8v@google.ca' ................................. passed
And param password = 'nonnayablsley' ...................................... passed
When method GET ........................................................... passed
Then status 200 ........................................................... passed
And print response.accessToken ............................................ passed
And def token = response.accessToken ...................................... passed
Given url 'https://cybertek-reservation-api-qa2.herokuapp.com/' ........... passed
And path 'api/users/me' ................................................... passed
And header Authorization = 'Bearer ' + token .............................. passed
And header Accept = 'application/json' .................................... passed
When method GET ........................................................... passed
Then status 200 ........................................................... passed
And print response ........................................................ passed
And match response.id == dbResult.id ...................................... passed
And match response.firstName == dbResult.firstname ........................ passed
And match response.lastName == dbResult.lastname .......................... passed
And match response.role == dbResult.role .................................. passed
* def DBUtils = Java.type('utilities.DBUtils') ............................ passed
* def query = "select id,firstname,lastname,role from users where email = 'fvaughn8w@state.gov'" . passed
* def dbResult = DBUtils.getRowMap(query) ................................. passed
* print 'DATABASE RESULT',dbResult ........................................ passed
Given url 'https://cybertek-reservation-api-qa2.herokuapp.com/' ........... passed
And path 'sign' ........................................................... passed
And header Accept = 'application/json' .................................... passed
And param email = 'fvaughn8w@state.gov' ................................... passed
And param password = 'jojorowesby' ........................................ passed
When method GET ........................................................... passed
Then status 200 ........................................................... passed
And print response.accessToken ............................................ passed
And def token = response.accessToken ...................................... passed
Given url 'https://cybertek-reservation-api-qa2.herokuapp.com/' ........... passed
And path 'api/users/me' ................................................... passed
And header Authorization = 'Bearer ' + token .............................. passed
And header Accept = 'application/json' .................................... passed
When method GET ........................................................... passed
Then status 200 ........................................................... passed
And print response ........................................................ passed
And match response.id == dbResult.id ...................................... passed
And match response.firstName == dbResult.firstname ........................ passed
And match response.lastName == dbResult.lastname .......................... passed
And match response.role == dbResult.role .................................. passed</system-out>
  </testcase>
  <testcase classname="src.test.java.features.DataDrivenTests" name="get user information verification(Database vs API) nanthony8x@ocn.ne.jp" time="2.866717">
    <system-out>* def DBUtils = Java.type('utilities.DBUtils') ............................ passed
* def query = "select id,firstname,lastname,role from users where email = 'mnewbatt8o@utexas.edu'" . passed
* def dbResult = DBUtils.getRowMap(query) ................................. passed
* print 'DATABASE RESULT',dbResult ........................................ passed
Given url 'https://cybertek-reservation-api-qa2.herokuapp.com/' ........... passed
And path 'sign' ........................................................... passed
And header Accept = 'application/json' .................................... passed
And param email = 'mnewbatt8o@utexas.edu' ................................. passed
And param password = 'opalcave' ........................................... passed
When method GET ........................................................... passed
Then status 200 ........................................................... passed
And print response.accessToken ............................................ passed
And def token = response.accessToken ...................................... passed
Given url 'https://cybertek-reservation-api-qa2.herokuapp.com/' ........... passed
And path 'api/users/me' ................................................... passed
And header Authorization = 'Bearer ' + token .............................. passed
And header Accept = 'application/json' .................................... passed
When method GET ........................................................... passed
Then status 200 ........................................................... passed
And print response ........................................................ passed
And match response.id == dbResult.id ...................................... passed
And match response.firstName == dbResult.firstname ........................ passed
And match response.lastName == dbResult.lastname .......................... passed
And match response.role == dbResult.role .................................. passed
* def DBUtils = Java.type('utilities.DBUtils') ............................ passed
* def query = "select id,firstname,lastname,role from users where email = 'wamiss8p@businesswire.com'" . passed
* def dbResult = DBUtils.getRowMap(query) ................................. passed
* print 'DATABASE RESULT',dbResult ........................................ passed
Given url 'https://cybertek-reservation-api-qa2.herokuapp.com/' ........... passed
And path 'sign' ........................................................... passed
And header Accept = 'application/json' .................................... passed
And param email = 'wamiss8p@businesswire.com' ............................. passed
And param password = 'olagrills' .......................................... passed
When method GET ........................................................... passed
Then status 200 ........................................................... passed
And print response.accessToken ............................................ passed
And def token = response.accessToken ...................................... passed
Given url 'https://cybertek-reservation-api-qa2.herokuapp.com/' ........... passed
And path 'api/users/me' ................................................... passed
And header Authorization = 'Bearer ' + token .............................. passed
And header Accept = 'application/json' .................................... passed
When method GET ........................................................... passed
Then status 200 ........................................................... passed
And print response ........................................................ passed
And match response.id == dbResult.id ...................................... passed
And match response.firstName == dbResult.firstname ........................ passed
And match response.lastName == dbResult.lastname .......................... passed
And match response.role == dbResult.role .................................. passed
* def DBUtils = Java.type('utilities.DBUtils') ............................ passed
* def query = "select id,firstname,lastname,role from users where email = 'mstacey8r@imdb.com'" . passed
* def dbResult = DBUtils.getRowMap(query) ................................. passed
* print 'DATABASE RESULT',dbResult ........................................ passed
Given url 'https://cybertek-reservation-api-qa2.herokuapp.com/' ........... passed
And path 'sign' ........................................................... passed
And header Accept = 'application/json' .................................... passed
And param email = 'mstacey8r@imdb.com' .................................... passed
And param password = 'skylargiblin' ....................................... passed
When method GET ........................................................... passed
Then status 200 ........................................................... passed
And print response.accessToken ............................................ passed
And def token = response.accessToken ...................................... passed
Given url 'https://cybertek-reservation-api-qa2.herokuapp.com/' ........... passed
And path 'api/users/me' ................................................... passed
And header Authorization = 'Bearer ' + token .............................. passed
[...]
* print 'DATABASE RESULT',dbResult ........................................ passed
Given url 'https://cybertek-reservation-api-qa2.herokuapp.com/' ........... passed
And path 'sign' ........................................................... passed
And header Accept = 'application/json' .................................... passed
And param email = 'dronaghan8v@google.ca' ................................. passed
And param password = 'nonnayablsley' ...................................... passed
When method GET ........................................................... passed
Then status 200 ........................................................... passed
And print response.accessToken ............................................ passed
And def token = response.accessToken ...................................... passed
Given url 'https://cybertek-reservation-api-qa2.herokuapp.com/' ........... passed
And path 'api/users/me' ................................................... passed
And header Authorization = 'Bearer ' + token .............................. passed
And header Accept = 'application/json' .................................... passed
When method GET ........................................................... passed
Then status 200 ........................................................... passed
And print response ........................................................ passed
And match response.id == dbResult.id ...................................... passed
And match response.firstName == dbResult.firstname ........................ passed
And match response.lastName == dbResult.lastname .......................... passed
And match response.role == dbResult.role .................................. passed
* def DBUtils = Java.type('utilities.DBUtils') ............................ passed
* def query = "select id,firstname,lastname,role from users where email = 'fvaughn8w@state.gov'" . passed
* def dbResult = DBUtils.getRowMap(query) ................................. passed
* print 'DATABASE RESULT',dbResult ........................................ passed
Given url 'https://cybertek-reservation-api-qa2.herokuapp.com/' ........... passed
And path 'sign' ........................................................... passed
And header Accept = 'application/json' .................................... passed
And param email = 'fvaughn8w@state.gov' ................................... passed
And param password = 'jojorowesby' ........................................ passed
When method GET ........................................................... passed
Then status 200 ........................................................... passed
And print response.accessToken ............................................ passed
And def token = response.accessToken ...................................... passed
Given url 'https://cybertek-reservation-api-qa2.herokuapp.com/' ........... passed
And path 'api/users/me' ................................................... passed
And header Authorization = 'Bearer ' + token .............................. passed
And header Accept = 'application/json' .................................... passed
When method GET ........................................................... passed
Then status 200 ........................................................... passed
And print response ........................................................ passed
And match response.id == dbResult.id ...................................... passed
And match response.firstName == dbResult.firstname ........................ passed
And match response.lastName == dbResult.lastname .......................... passed
And match response.role == dbResult.role .................................. passed
* def DBUtils = Java.type('utilities.DBUtils') ............................ passed
* def query = "select id,firstname,lastname,role from users where email = 'nanthony8x@ocn.ne.jp'" . passed
* def dbResult = DBUtils.getRowMap(query) ................................. passed
* print 'DATABASE RESULT',dbResult ........................................ passed
Given url 'https://cybertek-reservation-api-qa2.herokuapp.com/' ........... passed
And path 'sign' ........................................................... passed
And header Accept = 'application/json' .................................... passed
And param email = 'nanthony8x@ocn.ne.jp' .................................. passed
And param password = 'hernandosmetoun' .................................... passed
When method GET ........................................................... passed
Then status 200 ........................................................... passed
And print response.accessToken ............................................ passed
And def token = response.accessToken ...................................... passed
Given url 'https://cybertek-reservation-api-qa2.herokuapp.com/' ........... passed
And path 'api/users/me' ................................................... passed
And header Authorization = 'Bearer ' + token .............................. passed
And header Accept = 'application/json' .................................... passed
When method GET ........................................................... passed
Then status 200 ........................................................... passed
And print response ........................................................ passed
And match response.id == dbResult.id ...................................... passed
And match response.firstName == dbResult.firstname ........................ passed
And match response.lastName == dbResult.lastname .......................... passed
And match response.role == dbResult.role .................................. passed
* def DBUtils = Java.type('utilities.DBUtils') ............................ passed
* def query = "select id,firstname,lastname,role from users where email = 'iclementet8y@bluehost.com'" . passed
* def dbResult = DBUtils.getRowMap(query) ................................. passed
* print 'DATABASE RESULT',dbResult ........................................ passed
Given url 'https://cybertek-reservation-api-qa2.herokuapp.com/' ........... passed
And path 'sign' ........................................................... passed
And header Accept = 'application/json' .................................... passed
And param email = 'iclementet8y@bluehost.com' ............................. passed
And param password = 'ursalaklimes' ....................................... passed
When method GET ........................................................... passed
Then status 200 ........................................................... passed
And print response.accessToken ............................................ passed
And def token = response.accessToken ...................................... passed
Given url 'https://cybertek-reservation-api-qa2.herokuapp.com/' ........... passed
And path 'api/users/me' ................................................... passed
And header Authorization = 'Bearer ' + token .............................. passed
And header Accept = 'application/json' .................................... passed
When method GET ........................................................... passed
Then status 200 ........................................................... passed
And print response ........................................................ passed
And match response.id == dbResult.id ...................................... passed
And match response.firstName == dbResult.firstname ........................ passed
And match response.lastName == dbResult.lastname .......................... passed
And match response.role == dbResult.role .................................. passed
* def DBUtils = Java.type('utilities.DBUtils') ............................ passed
* def query = "select id,firstname,lastname,role from users where email = 'ftabrett8z@latimes.com'" . passed
* def dbResult = DBUtils.getRowMap(query) ................................. passed
* print 'DATABASE RESULT',dbResult ........................................ passed
Given url 'https://cybertek-reservation-api-qa2.herokuapp.com/' ........... passed
And path 'sign' ........................................................... passed
And header Accept = 'application/json' .................................... passed
And param email = 'ftabrett8z@latimes.com' ................................ passed
And param password = 'beveriestouther' .................................... passed
When method GET ........................................................... passed
Then status 200 ........................................................... passed
And print response.accessToken ............................................ passed
And def token = response.accessToken ...................................... passed
Given url 'https://cybertek-reservation-api-qa2.herokuapp.com/' ........... passed
And path 'api/users/me' ................................................... passed
And header Authorization = 'Bearer ' + token .............................. passed
And header Accept = 'application/json' .................................... passed
When method GET ........................................................... passed
Then status 200 ........................................................... passed
And print response ........................................................ passed
And match response.id == dbResult.id ...................................... passed
And match response.firstName == dbResult.firstname ........................ passed
And match response.lastName == dbResult.lastname .......................... passed
And match response.role == dbResult.role .................................. passed
* def DBUtils = Java.type('utilities.DBUtils') ............................ passed
* def query = "select id,firstname,lastname,role from users where email = 'lbraunthal90@reverbnation.com'" . passed
* def dbResult = DBUtils.getRowMap(query) ................................. passed
* print 'DATABASE RESULT',dbResult ........................................ passed
Given url 'https://cybertek-reservation-api-qa2.herokuapp.com/' ........... passed
And path 'sign' ........................................................... passed
And header Accept = 'application/json' .................................... passed
And param email = 'lbraunthal90@reverbnation.com' ......................... passed
And param password = 'mollycossor' ........................................ passed
When method GET ........................................................... passed
Then status 200 ........................................................... passed
And print response.accessToken ............................................ passed
And def token = response.accessToken ...................................... passed
Given url 'https://cybertek-reservation-api-qa2.herokuapp.com/' ........... passed
And path 'api/users/me' ................................................... passed
And header Authorization = 'Bearer ' + token .............................. passed
And header Accept = 'application/json' .................................... passed
When method GET ........................................................... passed
Then status 200 ........................................................... passed
And print response ........................................................ passed
And match response.id == dbResult.id ...................................... passed
And match response.firstName == dbResult.firstname ........................ passed
And match response.lastName == dbResult.lastname .......................... passed
And match response.role == dbResult.role .................................. passed
* def DBUtils = Java.type('utilities.DBUtils') ............................ passed
* def query = "select id,firstname,lastname,role from users where email = 'bgreensmith91@nytimes.com'" . passed
* def dbResult = DBUtils.getRowMap(query) ................................. passed
* print 'DATABASE RESULT',dbResult ........................................ passed
Given url 'https://cybertek-reservation-api-qa2.herokuapp.com/' ........... passed
And path 'sign' ........................................................... passed
And header Accept = 'application/json' .................................... passed
And param email = 'bgreensmith91@nytimes.com' ............................. passed
And param password = 'elbertlaye' ......................................... passed
When method GET ........................................................... passed
Then status 200 ........................................................... passed
And print response.accessToken ............................................ passed
And def token = response.accessToken ...................................... passed
Given url 'https://cybertek-reservation-api-qa2.herokuapp.com/' ........... passed
And path 'api/users/me' ................................................... passed
And header Authorization = 'Bearer ' + token .............................. passed
And header Accept = 'application/json' .................................... passed
When method GET ........................................................... passed
Then status 200 ........................................................... passed
And print response ........................................................ passed
And match response.id == dbResult.id ...................................... passed
And match response.firstName == dbResult.firstname ........................ passed
And match response.lastName == dbResult.lastname .......................... passed
And match response.role == dbResult.role .................................. passed
* def DBUtils = Java.type('utilities.DBUtils') ............................ passed
* def query = "select id,firstname,lastname,role from users where email = 'karzu92@istockphoto.com'" . passed
* def dbResult = DBUtils.getRowMap(query) ................................. passed
* print 'DATABASE RESULT',dbResult ........................................ passed
Given url 'https://cybertek-reservation-api-qa2.herokuapp.com/' ........... passed
And path 'sign' ........................................................... passed
And header Accept = 'application/json' .................................... passed
And param email = 'karzu92@istockphoto.com' ............................... passed
And param password = 'weidarfarrell' ...................................... passed
When method GET ........................................................... passed
Then status 200 ........................................................... passed
And print response.accessToken ............................................ passed
And def token = response.accessToken ...................................... passed
Given url 'https://cybertek-reservation-api-qa2.herokuapp.com/' ........... passed
And path 'api/users/me' ................................................... passed
And header Authorization = 'Bearer ' + token .............................. passed
And header Accept = 'application/json' .................................... passed
When method GET ........................................................... passed
Then status 200 ........................................................... passed
And print response ........................................................ passed
And match response.id == dbResult.id ...................................... passed
And match response.firstName == dbResult.firstname ........................ passed
And match response.lastName == dbResult.lastname .......................... passed
And match response.role == dbResult.role .................................. passed
* def DBUtils = Java.type('utilities.DBUtils') ............................ passed
* def query = "select id,firstname,lastname,role from users where email = 'lruffli93@dailymail.co.uk'" . passed
* def dbResult = DBUtils.getRowMap(query) ................................. passed
* print 'DATABASE RESULT',dbResult ........................................ passed
Given url 'https://cybertek-reservation-api-qa2.herokuapp.com/' ........... passed
And path 'sign' ........................................................... passed
And header Accept = 'application/json' .................................... passed
And param email = 'lruffli93@dailymail.co.uk' ............................. passed
And param password = 'menardnewbatt' ...................................... passed
When method GET ........................................................... passed
Then status 200 ........................................................... passed
And print response.accessToken ............................................ passed
And def token = response.accessToken ...................................... passed
Given url 'https://cybertek-reservation-api-qa2.herokuapp.com/' ........... passed
And path 'api/users/me' ................................................... passed
And header Authorization = 'Bearer ' + token .............................. passed
And header Accept = 'application/json' .................................... passed
When method GET ........................................................... passed
Then status 200 ........................................................... passed
And print response ........................................................ passed
And match response.id == dbResult.id ...................................... passed
And match response.firstName == dbResult.firstname ........................ passed
And match response.lastName == dbResult.lastname .......................... passed
And match response.role == dbResult.role .................................. passed
* def DBUtils = Java.type('utilities.DBUtils') ............................ passed
* def query = "select id,firstname,lastname,role from users where email = 'teachervawiltonamiss@gmail.com'" . passed
* def dbResult = DBUtils.getRowMap(query) ................................. passed
* print 'DATABASE RESULT',dbResult ........................................ passed
Given url 'https://cybertek-reservation-api-qa2.herokuapp.com/' ........... passed
And path 'sign' ........................................................... passed
And header Accept = 'application/json' .................................... passed
And param email = 'teachervawiltonamiss@gmail.com' ........................ passed
And param password = 'wiltonamiss' ........................................ passed
When method GET ........................................................... passed
Then status 200 ........................................................... passed
And print response.accessToken ............................................ passed
And def token = response.accessToken ...................................... passed
Given url 'https://cybertek-reservation-api-qa2.herokuapp.com/' ........... passed
And path 'api/users/me' ................................................... passed
And header Authorization = 'Bearer ' + token .............................. passed
And header Accept = 'application/json' .................................... passed
When method GET ........................................................... passed
Then status 200 ........................................................... passed
And print response ........................................................ passed
And match response.id == dbResult.id ...................................... passed
And match response.firstName == dbResult.firstname ........................ passed
And match response.lastName == dbResult.lastname .......................... passed
And match response.role == dbResult.role .................................. passed</system-out>
  </testcase>
</testsuite>
