<testsuite failures="0" name="src/test/java/features/ParametersTest.feature" skipped="0" tests="1" time="1.186739">
  <testcase classname="src.test.java.features.ParametersTest" name="hr regions examples" time="1.186739">
    <system-out>* def baseUrl = 'https://api.exchangeratesapi.io' ......................... passed
* def spartanUrl = 'http://100.25.192.1:8000' ............................. passed
* def hrUrl = 'http://100.25.192.1:1000/ords/hr' .......................... passed
Given url hrUrl ........................................................... passed
And path 'regions' ........................................................ passed
When method get ........................................................... passed
Then status 200 ........................................................... passed
And match response.limit == 25 ............................................ passed
And print each response.items.region_id == '#number' ...................... passed</system-out>
  </testcase>
</testsuite>
